<?xml version="1.0" encoding="UTF-8"?>
<!-- Generated by org.testng.reporters.JUnitReportReporter -->
<testsuite hostname="Ummigadu" failures="0" tests="3" name="distributedParallel_testng.Test5" time="0.015" errors="0" timestamp="2024-11-06T12:54:19 IST" skipped="0">
  <testcase classname="distributedParallel_testng.Test5" name="demo2" time="0.004"/>
  <system-out>
    <![CDATA[Test5-demo2-smoke]]>
  </system-out>
  <testcase classname="distributedParallel_testng.Test5" name="demo1" time="0.009"/>
  <system-out>
    <![CDATA[Test5-demo1-smoke]]>
  </system-out>
  <testcase classname="distributedParallel_testng.Test5" name="demo3" time="0.002"/>
  <system-out>
    <![CDATA[Test5-demo3-smoke]]>
  </system-out>
</testsuite> <!-- distributedParallel_testng.Test5 -->
