<?xml version="1.0" encoding="UTF-8"?>
<!-- Generated by org.testng.reporters.JUnitReportReporter -->
<testsuite hostname="Ummigadu" failures="0" tests="3" name="crossBrowserParallel_testNg.Test2" time="10.086" errors="0" timestamp="2024-11-06T13:45:53 IST" skipped="0">
  <testcase classname="crossBrowserParallel_testNg.Test2" name="swiggy" time="2.896"/>
  <system-out/>
  <testcase classname="crossBrowserParallel_testNg.Test2" name="swiggy" time="2.425"/>
  <system-out/>
  <testcase classname="crossBrowserParallel_testNg.Test2" name="swiggy" time="4.765"/>
  <system-out/>
</testsuite> <!-- crossBrowserParallel_testNg.Test2 -->
