<?xml version="1.0" encoding="UTF-8"?>
<!-- Generated by org.testng.reporters.JUnitReportReporter -->
<testsuite hostname="Ummigadu" failures="0" tests="3" name="crossBrowserParallel_testNg.Test1" time="4.009" errors="0" timestamp="2024-11-06T13:45:53 IST" skipped="0">
  <testcase classname="crossBrowserParallel_testNg.Test1" name="google" time="1.772"/>
  <system-out/>
  <testcase classname="crossBrowserParallel_testNg.Test1" name="google" time="0.305"/>
  <system-out/>
  <testcase classname="crossBrowserParallel_testNg.Test1" name="google" time="1.932"/>
  <system-out/>
</testsuite> <!-- crossBrowserParallel_testNg.Test1 -->
