<?xml version="1.0" encoding="UTF-8"?>
<!-- Generated by org.testng.reporters.JUnitReportReporter -->
<testsuite hostname="Ummigadu" failures="0" tests="3" name="testNG.dependsOnMethods" time="0.012" errors="0" timestamp="2024-11-06T11:34:38 IST" skipped="0">
  <testcase classname="testNG.dependsOnMethods" name="registrationTest" time="0.009"/>
  <system-out>
    <![CDATA[register to app]]>
  </system-out>
  <testcase classname="testNG.dependsOnMethods" name="updateProfileTest" time="0.002"/>
  <system-out>
    <![CDATA[Update Profile]]>
  </system-out>
  <testcase classname="testNG.dependsOnMethods" name="loginTest" time="0.001"/>
  <system-out>
    <![CDATA[Login to App]]>
  </system-out>
</testsuite> <!-- testNG.dependsOnMethods -->
