<?xml version="1.0" encoding="UTF-8"?>
<!-- Generated by org.testng.reporters.JUnitReportReporter -->
<testsuite hostname="Ummigadu" failures="0" tests="3" name="distributedParallel_testng.Test2" time="0.013" errors="0" timestamp="2024-11-06T12:54:19 IST" skipped="0">
  <testcase classname="distributedParallel_testng.Test2" name="demo3" time="0.001"/>
  <system-out>
    <![CDATA[Test2-demo3-smoke]]>
  </system-out>
  <testcase classname="distributedParallel_testng.Test2" name="demo2" time="0.003"/>
  <system-out>
    <![CDATA[Test2-demo2-smoke]]>
  </system-out>
  <testcase classname="distributedParallel_testng.Test2" name="demo1" time="0.009"/>
  <system-out>
    <![CDATA[Test2-demo1-smoke]]>
  </system-out>
</testsuite> <!-- distributedParallel_testng.Test2 -->
