<?xml version="1.0" encoding="UTF-8"?>
<!-- Generated by org.testng.reporters.JUnitReportReporter -->
<testsuite hostname="Ummigadu" failures="0" tests="5" name="testNG.PriorityFlagTest" time="0.005" errors="0" timestamp="2024-11-06T11:34:38 IST" skipped="0">
  <testcase classname="testNG.PriorityFlagTest" name="demo4" time="0.001"/>
  <system-out>
    <![CDATA[demo4]]>
  </system-out>
  <testcase classname="testNG.PriorityFlagTest" name="demo" time="0.001"/>
  <system-out>
    <![CDATA[demo]]>
  </system-out>
  <testcase classname="testNG.PriorityFlagTest" name="demo1" time="0.001"/>
  <system-out>
    <![CDATA[demo1]]>
  </system-out>
  <testcase classname="testNG.PriorityFlagTest" name="demo2" time="0.001"/>
  <system-out>
    <![CDATA[demo2]]>
  </system-out>
  <testcase classname="testNG.PriorityFlagTest" name="demo3" time="0.001"/>
  <system-out>
    <![CDATA[demo3]]>
  </system-out>
</testsuite> <!-- testNG.PriorityFlagTest -->
