<?xml version="1.0" encoding="UTF-8"?>
<!-- Generated by org.testng.reporters.JUnitReportReporter -->
<testsuite hostname="Ummigadu" failures="0" tests="1" name="testNG_annotations.Testclass" time="0.006" errors="0" timestamp="2024-11-05T13:19:13 IST" skipped="0">
  <testcase classname="testNG_annotations.Testclass" name="test" time="0.006"/>
  <system-out>
    <![CDATA[Testing the method]]>
  </system-out>
</testsuite> <!-- testNG_annotations.Testclass -->
