<?xml version="1.0" encoding="UTF-8"?>
<!-- Generated by org.testng.reporters.JUnitReportReporter -->
<testsuite hostname="Ummigadu" failures="0" tests="4" name="testNG.InvocationCountTest" time="0.001" errors="0" timestamp="2024-11-06T11:34:38 IST" skipped="0">
  <testcase classname="testNG.InvocationCountTest" name="demo" time="0.001"/>
  <system-out>
    <![CDATA[demo]]>
  </system-out>
  <testcase classname="testNG.InvocationCountTest" name="demo" time="0.000"/>
  <system-out>
    <![CDATA[demo]]>
  </system-out>
  <testcase classname="testNG.InvocationCountTest" name="demo" time="0.000"/>
  <system-out>
    <![CDATA[demo]]>
  </system-out>
  <testcase classname="testNG.InvocationCountTest" name="demo" time="0.000"/>
  <system-out>
    <![CDATA[demo]]>
  </system-out>
</testsuite> <!-- testNG.InvocationCountTest -->
