<?xml version="1.0" encoding="UTF-8"?>
<!-- Generated by org.testng.reporters.JUnitReportReporter -->
<testsuite hostname="Ummigadu" failures="0" tests="1" name="groupExecutions_TestNG.Test1" time="0.009" errors="0" timestamp="2024-11-06T12:14:46 IST" skipped="0">
  <testcase classname="groupExecutions_TestNG.Test1" name="demo1" time="0.009"/>
  <system-out>
    <![CDATA[Test1-demo1-smoke]]>
  </system-out>
</testsuite> <!-- groupExecutions_TestNG.Test1 -->
