<?xml version="1.0" encoding="UTF-8"?>
<!-- Generated by org.testng.reporters.JUnitReportReporter -->
<testsuite hostname="Ummigadu" failures="0" tests="3" name="distributedParallel_testng.Test1" time="0.006" errors="0" timestamp="2024-11-06T12:54:19 IST" skipped="0">
  <testcase classname="distributedParallel_testng.Test1" name="demo2" time="0.002"/>
  <system-out>
    <![CDATA[Test1-demo2-smoke]]>
  </system-out>
  <testcase classname="distributedParallel_testng.Test1" name="demo3" time="0.002"/>
  <system-out>
    <![CDATA[Test1-demo3-smoke]]>
  </system-out>
  <testcase classname="distributedParallel_testng.Test1" name="demo1" time="0.002"/>
  <system-out>
    <![CDATA[Test1-demo1-smoke]]>
  </system-out>
</testsuite> <!-- distributedParallel_testng.Test1 -->
